Total execution time: 24983 (micro sec)
Total execution time: 25658 (micro sec)
Total execution time: 24946 (micro sec)
Total execution time: 24764 (micro sec)
Total execution time: 24573 (micro sec)
Total execution time: 25960 (micro sec)
Total execution time: 24334 (micro sec)
Total execution time: 24512 (micro sec)
Total execution time: 24646 (micro sec)
Total execution time: 25409 (micro sec)
Done /home/strange/c-code-katas/Eular/sum_of_multiples_of_3_5.c
Total execution time: 53741 (micro sec)
Total execution time: 55552 (micro sec)
Total execution time: 56560 (micro sec)
Total execution time: 56796 (micro sec)
Total execution time: 55782 (micro sec)
Total execution time: 43541 (micro sec)
Total execution time: 42420 (micro sec)
Total execution time: 42144 (micro sec)
Total execution time: 42102 (micro sec)
Total execution time: 43210 (micro sec)
Done /home/strange/c-code-katas/Eular/smallest_multiple.c
Total execution time: 14664 (micro sec)
Total execution time: 19636 (micro sec)
Total execution time: 15985 (micro sec)
Total execution time: 17489 (micro sec)
Total execution time: 19222 (micro sec)
Total execution time: 17304 (micro sec)
Total execution time: 14241 (micro sec)
Total execution time: 16048 (micro sec)
Total execution time: 16591 (micro sec)
Total execution time: 14210 (micro sec)
Done /home/strange/c-code-katas/Eular/large_sum.c
Total execution time: 1055850 (micro sec)
Total execution time: 1064353 (micro sec)
Total execution time: 1075969 (micro sec)
Total execution time: 1062038 (micro sec)
Total execution time: 1060972 (micro sec)
Total execution time: 949918 (micro sec)
Total execution time: 944261 (micro sec)
Total execution time: 945804 (micro sec)
Total execution time: 953267 (micro sec)
Total execution time: 915367 (micro sec)
Done /home/strange/c-code-katas/Eular/largest_product_in_series.c
Failed /home/strange/c-code-katas/Eular/palindrome_of_numbers.c
Total execution time: 1445711 (micro sec)
Total execution time: 1446141 (micro sec)
Total execution time: 1445604 (micro sec)
Total execution time: 1446597 (micro sec)
Total execution time: 1447008 (micro sec)
Total execution time: 1011394 (micro sec)
Total execution time: 1010001 (micro sec)
Total execution time: 1009934 (micro sec)
Total execution time: 1010692 (micro sec)
Total execution time: 1009976 (micro sec)
Done /home/strange/c-code-katas/Eular/sum_square_difference.c
Total execution time: 86901 (micro sec)
Total execution time: 86539 (micro sec)
Total execution time: 85378 (micro sec)
Total execution time: 85555 (micro sec)
Total execution time: 85366 (micro sec)
Total execution time: 74826 (micro sec)
Total execution time: 73376 (micro sec)
Total execution time: 73351 (micro sec)
Total execution time: 74475 (micro sec)
Total execution time: 73464 (micro sec)
Done /home/strange/c-code-katas/Eular/largest_product_in_grid.c
Total execution time: 236268 (micro sec)
Total execution time: 235045 (micro sec)
Total execution time: 232304 (micro sec)
Total execution time: 232248 (micro sec)
Total execution time: 236762 (micro sec)
Total execution time: 91750 (micro sec)
Total execution time: 90782 (micro sec)
Total execution time: 90876 (micro sec)
Total execution time: 90745 (micro sec)
Total execution time: 92137 (micro sec)
Done /home/strange/c-code-katas/Eular/special_pythagorean_triplet.c
Total execution time: 32381 (micro sec)
Total execution time: 31654 (micro sec)
Total execution time: 31470 (micro sec)
Total execution time: 31623 (micro sec)
Total execution time: 30699 (micro sec)
Total execution time: 28332 (micro sec)
Total execution time: 27580 (micro sec)
Total execution time: 28546 (micro sec)
Total execution time: 27767 (micro sec)
Total execution time: 27277 (micro sec)
Done /home/strange/c-code-katas/Eular/sieve_of_eratosthenes.c
Total execution time: 666114 (micro sec)
Total execution time: 717083 (micro sec)
Total execution time: 774883 (micro sec)
Total execution time: 664493 (micro sec)
Total execution time: 680056 (micro sec)
Total execution time: 605068 (micro sec)
Total execution time: 674733 (micro sec)
Total execution time: 658732 (micro sec)
Total execution time: 678869 (micro sec)
Total execution time: 607980 (micro sec)
Done /home/strange/c-code-katas/Eular/highly_divisible_triangular_number.c
Total execution time: 109792 (micro sec)
Total execution time: 110994 (micro sec)
Total execution time: 109633 (micro sec)
Total execution time: 109486 (micro sec)
Total execution time: 110828 (micro sec)
Total execution time: 37094 (micro sec)
Total execution time: 36021 (micro sec)
Total execution time: 35992 (micro sec)
Total execution time: 36386 (micro sec)
Total execution time: 35218 (micro sec)
Done /home/strange/c-code-katas/Eular/fibonacci_series.c
Total execution time: 139489 (micro sec)
Total execution time: 139377 (micro sec)
Total execution time: 139734 (micro sec)
Total execution time: 139279 (micro sec)
Total execution time: 141925 (micro sec)
Total execution time: 131562 (micro sec)
Total execution time: 132280 (micro sec)
Total execution time: 130404 (micro sec)
Total execution time: 132612 (micro sec)
Total execution time: 133205 (micro sec)
Done /home/strange/c-code-katas/Eular/power_digit_sum.c
Total execution time: 44429 (micro sec)
Total execution time: 45792 (micro sec)
Total execution time: 44348 (micro sec)
Total execution time: 44352 (micro sec)
Total execution time: 44019 (micro sec)
Total execution time: 36784 (micro sec)
Total execution time: 35483 (micro sec)
Total execution time: 35531 (micro sec)
Total execution time: 35376 (micro sec)
Total execution time: 35283 (micro sec)
Done /home/strange/c-code-katas/Eular/lattice_paths.c
Total execution time: 2619863 (micro sec)
Total execution time: 2621212 (micro sec)
Total execution time: 2621637 (micro sec)
Total execution time: 2621573 (micro sec)
Total execution time: 2620527 (micro sec)
Total execution time: 879230 (micro sec)
Total execution time: 880249 (micro sec)
Total execution time: 878781 (micro sec)
Total execution time: 879959 (micro sec)
Total execution time: 878921 (micro sec)
Done /home/strange/c-code-katas/Eular/longest_collatz_sequence.c
Total execution time: 7696 (micro sec)
Total execution time: 11091 (micro sec)
Total execution time: 11301 (micro sec)
Total execution time: 11594 (micro sec)
Total execution time: 9431 (micro sec)
Total execution time: 7704 (micro sec)
Total execution time: 11247 (micro sec)
Total execution time: 11053 (micro sec)
Total execution time: 10350 (micro sec)
Total execution time: 10193 (micro sec)
Done /home/strange/c-code-katas/Eular/maximum_path_sum_1.c
Total execution time: 23028 (micro sec)
Total execution time: 22220 (micro sec)
Total execution time: 23817 (micro sec)
Total execution time: 22266 (micro sec)
Total execution time: 22780 (micro sec)
Total execution time: 19277 (micro sec)
Total execution time: 17596 (micro sec)
Total execution time: 19252 (micro sec)
Total execution time: 19785 (micro sec)
Total execution time: 20443 (micro sec)
Done /home/strange/c-code-katas/DSA/LinkedList/singly_linked_list.c
Total execution time: 22482 (micro sec)
Total execution time: 23298 (micro sec)
Total execution time: 22525 (micro sec)
Total execution time: 22576 (micro sec)
Total execution time: 20950 (micro sec)
Total execution time: 19883 (micro sec)
Total execution time: 19653 (micro sec)
Total execution time: 17697 (micro sec)
Total execution time: 19829 (micro sec)
Total execution time: 20351 (micro sec)
Done /home/strange/c-code-katas/DSA/LinkedList/doubly_linked_list.c
Failed /home/strange/c-code-katas/DSA/Tree/binary_search_tree.c
Total execution time: 857775 (micro sec)
Total execution time: 859430 (micro sec)
Total execution time: 860470 (micro sec)
Total execution time: 859642 (micro sec)
Total execution time: 864409 (micro sec)
Total execution time: 826560 (micro sec)
Total execution time: 825127 (micro sec)
Total execution time: 825644 (micro sec)
Total execution time: 826030 (micro sec)
Total execution time: 825807 (micro sec)
Done /home/strange/c-code-katas/DSA/Search/binary_search.c
Total execution time: 91147 (micro sec)
Total execution time: 92881 (micro sec)
Total execution time: 91203 (micro sec)
Total execution time: 91257 (micro sec)
Total execution time: 91383 (micro sec)
Total execution time: 92114 (micro sec)
Total execution time: 90979 (micro sec)
Total execution time: 91456 (micro sec)
Total execution time: 92092 (micro sec)
Total execution time: 91578 (micro sec)
Done /home/strange/c-code-katas/DSA/Search/linear_search.c
Total execution time: 48965 (micro sec)
Total execution time: 49398 (micro sec)
Total execution time: 50965 (micro sec)
Total execution time: 50423 (micro sec)
Total execution time: 50479 (micro sec)
Total execution time: 42880 (micro sec)
Total execution time: 42030 (micro sec)
Total execution time: 43816 (micro sec)
Total execution time: 44090 (micro sec)
Total execution time: 42782 (micro sec)
Done /home/strange/c-code-katas/DSA/Misc/luhn.c
Failed /home/strange/c-code-katas/DSA/Sorting/quick_sort.c
Total execution time: 9624 (micro sec)
Total execution time: 12113 (micro sec)
Total execution time: 14609 (micro sec)
Total execution time: 9416 (micro sec)
Total execution time: 12572 (micro sec)
Total execution time: 10246 (micro sec)
Total execution time: 13961 (micro sec)
Total execution time: 15684 (micro sec)
Total execution time: 10033 (micro sec)
Total execution time: 13835 (micro sec)
Done /home/strange/c-code-katas/DSA/Sorting/shell_sort.c
Total execution time: 117785 (micro sec)
Total execution time: 120812 (micro sec)
Total execution time: 119337 (micro sec)
Total execution time: 119284 (micro sec)
Total execution time: 119099 (micro sec)
Total execution time: 102942 (micro sec)
Total execution time: 102408 (micro sec)
Total execution time: 103184 (micro sec)
Total execution time: 101867 (micro sec)
Total execution time: 101851 (micro sec)
Done /home/strange/c-code-katas/DSA/Sorting/selection_sort.c
Total execution time: 26867 (micro sec)
Total execution time: 28759 (micro sec)
Total execution time: 29562 (micro sec)
Total execution time: 28745 (micro sec)
Total execution time: 28774 (micro sec)
Total execution time: 18188 (micro sec)
Total execution time: 16271 (micro sec)
Total execution time: 19225 (micro sec)
Total execution time: 19880 (micro sec)
Total execution time: 17449 (micro sec)
Done /home/strange/c-code-katas/DSA/Sorting/bubble_sort.c
Total execution time: 10928 (micro sec)
Total execution time: 13070 (micro sec)
Total execution time: 15775 (micro sec)
Total execution time: 12459 (micro sec)
Total execution time: 16715 (micro sec)
Total execution time: 12694 (micro sec)
Total execution time: 16724 (micro sec)
Total execution time: 13435 (micro sec)
Total execution time: 15620 (micro sec)
Total execution time: 13482 (micro sec)
Done /home/strange/c-code-katas/DSA/Sorting/insertion_sort.c
Total execution time: 5378 (micro sec)
Total execution time: 5682 (micro sec)
Total execution time: 7057 (micro sec)
Total execution time: 7606 (micro sec)
Total execution time: 8477 (micro sec)
Total execution time: 5365 (micro sec)
Total execution time: 7516 (micro sec)
Total execution time: 7415 (micro sec)
Total execution time: 7468 (micro sec)
Total execution time: 8305 (micro sec)
Done /home/strange/c-code-katas/DSA/Sorting/merge_sort.c
Total execution time: 51549 (micro sec)
Total execution time: 51752 (micro sec)
Total execution time: 53118 (micro sec)
Total execution time: 51762 (micro sec)
Total execution time: 51981 (micro sec)
Total execution time: 31049 (micro sec)
Total execution time: 30029 (micro sec)
Total execution time: 29150 (micro sec)
Total execution time: 31136 (micro sec)
Total execution time: 30021 (micro sec)
Done /home/strange/c-code-katas/Math/euclid_gcd.c
Total execution time: 35666 (micro sec)
Total execution time: 37254 (micro sec)
Total execution time: 37121 (micro sec)
Total execution time: 37109 (micro sec)
Total execution time: 37062 (micro sec)
Total execution time: 29054 (micro sec)
Total execution time: 27750 (micro sec)
Total execution time: 28400 (micro sec)
Total execution time: 29203 (micro sec)
Total execution time: 27875 (micro sec)
Done /home/strange/c-code-katas/Math/prime_factors.c
Total execution time: 14174 (micro sec)
Total execution time: 19000 (micro sec)
Total execution time: 15898 (micro sec)
Total execution time: 17546 (micro sec)
Total execution time: 19242 (micro sec)
Total execution time: 9403 (micro sec)
Total execution time: 13737 (micro sec)
Total execution time: 12862 (micro sec)
Total execution time: 11463 (micro sec)
Total execution time: 12558 (micro sec)
Done /home/strange/c-code-katas/Math/is_prime.c
Total execution time: 14287 (micro sec)
Total execution time: 14819 (micro sec)
Total execution time: 18935 (micro sec)
Total execution time: 15927 (micro sec)
Total execution time: 15824 (micro sec)
Total execution time: 15839 (micro sec)
Total execution time: 16641 (micro sec)
Total execution time: 14197 (micro sec)
Total execution time: 19299 (micro sec)
Total execution time: 14700 (micro sec)
Done /home/strange/c-code-katas/Math/common_factors.c
Total execution time: 5723 (micro sec)
Total execution time: 6192 (micro sec)
Total execution time: 7775 (micro sec)
Total execution time: 7944 (micro sec)
Total execution time: 8707 (micro sec)
Total execution time: 6316 (micro sec)
Total execution time: 7360 (micro sec)
Total execution time: 7999 (micro sec)
Total execution time: 7379 (micro sec)
Total execution time: 8049 (micro sec)
Done /home/strange/c-code-katas/Math/factors.c
Total execution time: 1447036 (micro sec)
Total execution time: 1448930 (micro sec)
Total execution time: 1440181 (micro sec)
Total execution time: 1445904 (micro sec)
Total execution time: 1447240 (micro sec)
Total execution time: 1380587 (micro sec)
Total execution time: 1366076 (micro sec)
Total execution time: 1381589 (micro sec)
Total execution time: 1386169 (micro sec)
Total execution time: 1392904 (micro sec)
Done /home/strange/c-code-katas/Math/gcd.c
Failed /home/strange/c-code-katas/Recursion/ackermann.c
Total execution time: 28576 (micro sec)
Total execution time: 28685 (micro sec)
Total execution time: 29516 (micro sec)
Total execution time: 28549 (micro sec)
Total execution time: 28658 (micro sec)
Total execution time: 30450 (micro sec)
Total execution time: 28925 (micro sec)
Total execution time: 27978 (micro sec)
Total execution time: 27961 (micro sec)
Total execution time: 28285 (micro sec)
Done /home/strange/c-code-katas/Recursion/tower_of_hanoi.c
Total execution time: 304660 (micro sec)
Total execution time: 313559 (micro sec)
Total execution time: 314601 (micro sec)
Total execution time: 308768 (micro sec)
Total execution time: 303905 (micro sec)
Total execution time: 249898 (micro sec)
Total execution time: 249083 (micro sec)
Total execution time: 249946 (micro sec)
Total execution time: 250294 (micro sec)
Total execution time: 250321 (micro sec)
Done /home/strange/c-code-katas/Recursion/str_reverse.c
Total execution time: 116868 (micro sec)
Total execution time: 117794 (micro sec)
Total execution time: 117497 (micro sec)
Total execution time: 118509 (micro sec)
Total execution time: 117417 (micro sec)
Total execution time: 45777 (micro sec)
Total execution time: 44973 (micro sec)
Total execution time: 44781 (micro sec)
Total execution time: 44668 (micro sec)
Total execution time: 44702 (micro sec)
Done /home/strange/c-code-katas/Recursion/palindrome.c
Total execution time: 5411 (micro sec)
Total execution time: 6729 (micro sec)
Total execution time: 7848 (micro sec)
Total execution time: 7299 (micro sec)
Total execution time: 7229 (micro sec)
Total execution time: 5388 (micro sec)
Total execution time: 7151 (micro sec)
Total execution time: 7111 (micro sec)
Total execution time: 7177 (micro sec)
Total execution time: 7475 (micro sec)
Done /home/strange/c-code-katas/Recursion/binary_search.c
Total execution time: 19846 (micro sec)
Total execution time: 22468 (micro sec)
Total execution time: 22415 (micro sec)
Total execution time: 20738 (micro sec)
Total execution time: 22199 (micro sec)
Total execution time: 9907 (micro sec)
Total execution time: 13322 (micro sec)
Total execution time: 15188 (micro sec)
Total execution time: 9730 (micro sec)
Total execution time: 13558 (micro sec)
Done /home/strange/c-code-katas/Recursion/factorial.c
Total execution time: 5553 (micro sec)
Total execution time: 5406 (micro sec)
Total execution time: 6763 (micro sec)
Total execution time: 7323 (micro sec)
Total execution time: 7304 (micro sec)
Total execution time: 4985 (micro sec)
Total execution time: 6326 (micro sec)
Total execution time: 7179 (micro sec)
Total execution time: 7125 (micro sec)
Total execution time: 7135 (micro sec)
Done /home/strange/c-code-katas/Recursion/linear_search.c
Total execution time: 489448 (micro sec)
Total execution time: 469369 (micro sec)
Total execution time: 471791 (micro sec)
Total execution time: 470466 (micro sec)
Total execution time: 469329 (micro sec)
Total execution time: 216149 (micro sec)
Total execution time: 216029 (micro sec)
Total execution time: 215453 (micro sec)
Total execution time: 215071 (micro sec)
Total execution time: 215134 (micro sec)
Done /home/strange/c-code-katas/Recursion/sum_of_digits.c
Total execution time: 107371 (micro sec)
Total execution time: 99764 (micro sec)
Total execution time: 109606 (micro sec)
Total execution time: 109430 (micro sec)
Total execution time: 96245 (micro sec)
Total execution time: 42015 (micro sec)
Total execution time: 42032 (micro sec)
Total execution time: 43456 (micro sec)
Total execution time: 43660 (micro sec)
Total execution time: 42295 (micro sec)
Done /home/strange/c-code-katas/Recursion/char_replace.c
Total execution time: 4915224 (micro sec)
Total execution time: 4972073 (micro sec)
Total execution time: 4863799 (micro sec)
Total execution time: 4956529 (micro sec)
Total execution time: 4951305 (micro sec)
Total execution time: 1397318 (micro sec)
Total execution time: 1397384 (micro sec)
Total execution time: 1398159 (micro sec)
Total execution time: 1397463 (micro sec)
Total execution time: 1397366 (micro sec)
Done /home/strange/c-code-katas/Recursion/nth_fibonacci_number.c
