Total execution time: 25815 (micro sec)
Total execution time: 25875 (micro sec)
Total execution time: 23992 (micro sec)
Total execution time: 24940 (micro sec)
Total execution time: 24942 (micro sec)
Total execution time: 7360 (micro sec)
Total execution time: 10611 (micro sec)
Total execution time: 10915 (micro sec)
Total execution time: 11741 (micro sec)
Total execution time: 10637 (micro sec)
Done /home/strange/c-code-katas/Eular/sum_of_multiples_of_3_5.c
Total execution time: 52885 (micro sec)
Total execution time: 53708 (micro sec)
Total execution time: 52868 (micro sec)
Total execution time: 54329 (micro sec)
Total execution time: 53829 (micro sec)
Total execution time: 33878 (micro sec)
Total execution time: 33063 (micro sec)
Total execution time: 33647 (micro sec)
Total execution time: 34014 (micro sec)
Total execution time: 33919 (micro sec)
Done /home/strange/c-code-katas/Eular/smallest_multiple.c
Total execution time: 15851 (micro sec)
Total execution time: 17118 (micro sec)
Total execution time: 20143 (micro sec)
Total execution time: 15905 (micro sec)
Total execution time: 14972 (micro sec)
Total execution time: 9483 (micro sec)
Total execution time: 12175 (micro sec)
Total execution time: 13511 (micro sec)
Total execution time: 10862 (micro sec)
Total execution time: 13460 (micro sec)
Done /home/strange/c-code-katas/Eular/large_sum.c
Total execution time: 1032258 (micro sec)
Total execution time: 1075316 (micro sec)
Total execution time: 1074850 (micro sec)
Total execution time: 1027596 (micro sec)
Total execution time: 1029631 (micro sec)
Total execution time: 338783 (micro sec)
Total execution time: 338931 (micro sec)
Total execution time: 337922 (micro sec)
Total execution time: 338098 (micro sec)
Total execution time: 338494 (micro sec)
Done /home/strange/c-code-katas/Eular/largest_product_in_series.c
Failed /home/strange/c-code-katas/Eular/palindrome_of_numbers.c
Total execution time: 1253596 (micro sec)
Total execution time: 1253339 (micro sec)
Total execution time: 1259490 (micro sec)
Total execution time: 1253460 (micro sec)
Total execution time: 1252093 (micro sec)
Total execution time: 64130 (micro sec)
Total execution time: 62934 (micro sec)
Total execution time: 63722 (micro sec)
Total execution time: 62963 (micro sec)
Total execution time: 63981 (micro sec)
Done /home/strange/c-code-katas/Eular/sum_square_difference.c
Total execution time: 75979 (micro sec)
Total execution time: 76192 (micro sec)
Total execution time: 77147 (micro sec)
Total execution time: 76068 (micro sec)
Total execution time: 76163 (micro sec)
Total execution time: 20846 (micro sec)
Total execution time: 20581 (micro sec)
Total execution time: 20503 (micro sec)
Total execution time: 19982 (micro sec)
Total execution time: 20813 (micro sec)
Done /home/strange/c-code-katas/Eular/largest_product_in_grid.c
Total execution time: 214882 (micro sec)
Total execution time: 215177 (micro sec)
Total execution time: 217979 (micro sec)
Total execution time: 215901 (micro sec)
Total execution time: 214915 (micro sec)
Total execution time: 38417 (micro sec)
Total execution time: 36812 (micro sec)
Total execution time: 36644 (micro sec)
Total execution time: 38019 (micro sec)
Total execution time: 35998 (micro sec)
Done /home/strange/c-code-katas/Eular/special_pythagorean_triplet.c
Total execution time: 27520 (micro sec)
Total execution time: 29061 (micro sec)
Total execution time: 29175 (micro sec)
Total execution time: 30104 (micro sec)
Total execution time: 29235 (micro sec)
Total execution time: 22443 (micro sec)
Total execution time: 22479 (micro sec)
Total execution time: 22925 (micro sec)
Total execution time: 23108 (micro sec)
Total execution time: 22304 (micro sec)
Done /home/strange/c-code-katas/Eular/sieve_of_eratosthenes.c
Total execution time: 605858 (micro sec)
Total execution time: 671973 (micro sec)
Total execution time: 604722 (micro sec)
Total execution time: 608897 (micro sec)
Total execution time: 607843 (micro sec)
Total execution time: 603670 (micro sec)
Total execution time: 594703 (micro sec)
Total execution time: 602677 (micro sec)
Total execution time: 597589 (micro sec)
Total execution time: 594017 (micro sec)
Done /home/strange/c-code-katas/Eular/highly_divisible_triangular_number.c
Total execution time: 101836 (micro sec)
Total execution time: 101644 (micro sec)
Total execution time: 101355 (micro sec)
Total execution time: 102962 (micro sec)
Total execution time: 101500 (micro sec)
Total execution time: 24618 (micro sec)
Total execution time: 24445 (micro sec)
Total execution time: 25478 (micro sec)
Total execution time: 24426 (micro sec)
Total execution time: 24464 (micro sec)
Done /home/strange/c-code-katas/Eular/fibonacci_series.c
Total execution time: 144276 (micro sec)
Total execution time: 138509 (micro sec)
Total execution time: 141233 (micro sec)
Total execution time: 143788 (micro sec)
Total execution time: 143449 (micro sec)
Total execution time: 48708 (micro sec)
Total execution time: 48782 (micro sec)
Total execution time: 48661 (micro sec)
Total execution time: 48510 (micro sec)
Total execution time: 48368 (micro sec)
Done /home/strange/c-code-katas/Eular/power_digit_sum.c
Total execution time: 43120 (micro sec)
Total execution time: 44820 (micro sec)
Total execution time: 44132 (micro sec)
Total execution time: 44729 (micro sec)
Total execution time: 44003 (micro sec)
Total execution time: 16757 (micro sec)
Total execution time: 16032 (micro sec)
Total execution time: 15297 (micro sec)
Total execution time: 20432 (micro sec)
Total execution time: 16204 (micro sec)
Done /home/strange/c-code-katas/Eular/lattice_paths.c
Total execution time: 2399164 (micro sec)
Total execution time: 2398567 (micro sec)
Total execution time: 2398236 (micro sec)
Total execution time: 2398441 (micro sec)
Total execution time: 2398386 (micro sec)
Total execution time: 381228 (micro sec)
Total execution time: 381288 (micro sec)
Total execution time: 381666 (micro sec)
Total execution time: 381031 (micro sec)
Total execution time: 381198 (micro sec)
Done /home/strange/c-code-katas/Eular/longest_collatz_sequence.c
Total execution time: 7522 (micro sec)
Total execution time: 11078 (micro sec)
Total execution time: 12393 (micro sec)
Total execution time: 9270 (micro sec)
Total execution time: 10996 (micro sec)
Total execution time: 5962 (micro sec)
Total execution time: 8546 (micro sec)
Total execution time: 9437 (micro sec)
Total execution time: 8513 (micro sec)
Total execution time: 9113 (micro sec)
Done /home/strange/c-code-katas/Eular/maximum_path_sum_1.c
Total execution time: 19808 (micro sec)
Total execution time: 23231 (micro sec)
Total execution time: 22261 (micro sec)
Total execution time: 22531 (micro sec)
Total execution time: 20808 (micro sec)
Total execution time: 17722 (micro sec)
Total execution time: 20008 (micro sec)
Total execution time: 17074 (micro sec)
Total execution time: 16577 (micro sec)
Total execution time: 20258 (micro sec)
Done /home/strange/c-code-katas/DSA/LinkedList/singly_linked_list.c
Total execution time: 21481 (micro sec)
Total execution time: 23603 (micro sec)
Total execution time: 22548 (micro sec)
Total execution time: 22460 (micro sec)
Total execution time: 22388 (micro sec)
Total execution time: 16788 (micro sec)
Total execution time: 20560 (micro sec)
Total execution time: 19551 (micro sec)
Total execution time: 17475 (micro sec)
Total execution time: 15620 (micro sec)
Done /home/strange/c-code-katas/DSA/LinkedList/doubly_linked_list.c
Failed /home/strange/c-code-katas/DSA/Tree/binary_search_tree.c
Total execution time: 821358 (micro sec)
Total execution time: 824026 (micro sec)
Total execution time: 825758 (micro sec)
Total execution time: 825250 (micro sec)
Total execution time: 825218 (micro sec)
Total execution time: 320448 (micro sec)
Total execution time: 318605 (micro sec)
Total execution time: 319412 (micro sec)
Total execution time: 320077 (micro sec)
Total execution time: 320226 (micro sec)
Done /home/strange/c-code-katas/DSA/Search/binary_search.c
Total execution time: 93352 (micro sec)
Total execution time: 93784 (micro sec)
Total execution time: 95699 (micro sec)
Total execution time: 96246 (micro sec)
Total execution time: 95791 (micro sec)
Total execution time: 40194 (micro sec)
Total execution time: 39030 (micro sec)
Total execution time: 39967 (micro sec)
Total execution time: 38951 (micro sec)
Total execution time: 39420 (micro sec)
Done /home/strange/c-code-katas/DSA/Search/linear_search.c
Total execution time: 50087 (micro sec)
Total execution time: 50132 (micro sec)
Total execution time: 48814 (micro sec)
Total execution time: 48987 (micro sec)
Total execution time: 50159 (micro sec)
Total execution time: 22219 (micro sec)
Total execution time: 21218 (micro sec)
Total execution time: 21292 (micro sec)
Total execution time: 21287 (micro sec)
Total execution time: 21716 (micro sec)
Done /home/strange/c-code-katas/DSA/Misc/luhn.c
Failed /home/strange/c-code-katas/DSA/Sorting/quick_sort.c
Total execution time: 9427 (micro sec)
Total execution time: 14718 (micro sec)
Total execution time: 10176 (micro sec)
Total execution time: 12717 (micro sec)
Total execution time: 13714 (micro sec)
Total execution time: 6240 (micro sec)
Total execution time: 9893 (micro sec)
Total execution time: 8859 (micro sec)
Total execution time: 8907 (micro sec)
Total execution time: 9680 (micro sec)
Done /home/strange/c-code-katas/DSA/Sorting/shell_sort.c
Total execution time: 105936 (micro sec)
Total execution time: 106138 (micro sec)
Total execution time: 105883 (micro sec)
Total execution time: 106329 (micro sec)
Total execution time: 106232 (micro sec)
Total execution time: 40556 (micro sec)
Total execution time: 39687 (micro sec)
Total execution time: 41137 (micro sec)
Total execution time: 39556 (micro sec)
Total execution time: 39841 (micro sec)
Done /home/strange/c-code-katas/DSA/Sorting/selection_sort.c
Total execution time: 28801 (micro sec)
Total execution time: 31526 (micro sec)
Total execution time: 30677 (micro sec)
Total execution time: 30930 (micro sec)
Total execution time: 31140 (micro sec)
Total execution time: 8032 (micro sec)
Total execution time: 11685 (micro sec)
Total execution time: 12850 (micro sec)
Total execution time: 10179 (micro sec)
Total execution time: 10421 (micro sec)
Done /home/strange/c-code-katas/DSA/Sorting/bubble_sort.c
Total execution time: 11547 (micro sec)
Total execution time: 13274 (micro sec)
Total execution time: 15878 (micro sec)
Total execution time: 12545 (micro sec)
Total execution time: 17112 (micro sec)
Total execution time: 6541 (micro sec)
Total execution time: 10525 (micro sec)
Total execution time: 9580 (micro sec)
Total execution time: 10112 (micro sec)
Total execution time: 9298 (micro sec)
Done /home/strange/c-code-katas/DSA/Sorting/insertion_sort.c
Total execution time: 5246 (micro sec)
Total execution time: 6526 (micro sec)
Total execution time: 8132 (micro sec)
Total execution time: 8366 (micro sec)
Total execution time: 7871 (micro sec)
Total execution time: 5261 (micro sec)
Total execution time: 7452 (micro sec)
Total execution time: 7464 (micro sec)
Total execution time: 7467 (micro sec)
Total execution time: 8470 (micro sec)
Done /home/strange/c-code-katas/DSA/Sorting/merge_sort.c
Total execution time: 50680 (micro sec)
Total execution time: 50767 (micro sec)
Total execution time: 50718 (micro sec)
Total execution time: 50735 (micro sec)
Total execution time: 50662 (micro sec)
Total execution time: 14909 (micro sec)
Total execution time: 15349 (micro sec)
Total execution time: 16574 (micro sec)
Total execution time: 15759 (micro sec)
Total execution time: 13285 (micro sec)
Done /home/strange/c-code-katas/Math/euclid_gcd.c
Total execution time: 31733 (micro sec)
Total execution time: 30094 (micro sec)
Total execution time: 29770 (micro sec)
Total execution time: 30839 (micro sec)
Total execution time: 29984 (micro sec)
Total execution time: 28581 (micro sec)
Total execution time: 27541 (micro sec)
Total execution time: 28539 (micro sec)
Total execution time: 27652 (micro sec)
Total execution time: 27548 (micro sec)
Done /home/strange/c-code-katas/Math/prime_factors.c
Total execution time: 16376 (micro sec)
Total execution time: 15054 (micro sec)
Total execution time: 20286 (micro sec)
Total execution time: 16063 (micro sec)
Total execution time: 13988 (micro sec)
Total execution time: 7510 (micro sec)
Total execution time: 10793 (micro sec)
Total execution time: 11246 (micro sec)
Total execution time: 10690 (micro sec)
Total execution time: 10019 (micro sec)
Done /home/strange/c-code-katas/Math/is_prime.c
Total execution time: 15888 (micro sec)
Total execution time: 14892 (micro sec)
Total execution time: 20127 (micro sec)
Total execution time: 16115 (micro sec)
Total execution time: 13504 (micro sec)
Total execution time: 14641 (micro sec)
Total execution time: 22181 (micro sec)
Total execution time: 13852 (micro sec)
Total execution time: 18076 (micro sec)
Total execution time: 15841 (micro sec)
Done /home/strange/c-code-katas/Math/common_factors.c
Total execution time: 5638 (micro sec)
Total execution time: 5738 (micro sec)
Total execution time: 7917 (micro sec)
Total execution time: 8635 (micro sec)
Total execution time: 8657 (micro sec)
Total execution time: 5431 (micro sec)
Total execution time: 7055 (micro sec)
Total execution time: 8442 (micro sec)
Total execution time: 7878 (micro sec)
Total execution time: 7669 (micro sec)
Done /home/strange/c-code-katas/Math/factors.c
Total execution time: 1414124 (micro sec)
Total execution time: 1410462 (micro sec)
Total execution time: 1412595 (micro sec)
Total execution time: 1419491 (micro sec)
Total execution time: 1420425 (micro sec)
Total execution time: 1301968 (micro sec)
Total execution time: 1307424 (micro sec)
Total execution time: 1303901 (micro sec)
Total execution time: 1296907 (micro sec)
Total execution time: 1313129 (micro sec)
Done /home/strange/c-code-katas/Math/gcd.c
Failed /home/strange/c-code-katas/Recursion/ackermann.c
Total execution time: 27747 (micro sec)
Total execution time: 28581 (micro sec)
Total execution time: 30175 (micro sec)
Total execution time: 28588 (micro sec)
Total execution time: 28509 (micro sec)
Total execution time: 28869 (micro sec)
Total execution time: 29500 (micro sec)
Total execution time: 27566 (micro sec)
Total execution time: 27778 (micro sec)
Total execution time: 28819 (micro sec)
Done /home/strange/c-code-katas/Recursion/tower_of_hanoi.c
Total execution time: 318165 (micro sec)
Total execution time: 302907 (micro sec)
Total execution time: 308148 (micro sec)
Total execution time: 325995 (micro sec)
Total execution time: 300538 (micro sec)
Total execution time: 230150 (micro sec)
Total execution time: 228338 (micro sec)
Total execution time: 227114 (micro sec)
Total execution time: 225692 (micro sec)
Total execution time: 228099 (micro sec)
Done /home/strange/c-code-katas/Recursion/str_reverse.c
Total execution time: 106995 (micro sec)
Total execution time: 108008 (micro sec)
Total execution time: 112575 (micro sec)
Total execution time: 108299 (micro sec)
Total execution time: 107904 (micro sec)
Total execution time: 5034 (micro sec)
Total execution time: 6353 (micro sec)
Total execution time: 7212 (micro sec)
Total execution time: 7143 (micro sec)
Total execution time: 7209 (micro sec)
Done /home/strange/c-code-katas/Recursion/palindrome.c
Total execution time: 5120 (micro sec)
Total execution time: 6489 (micro sec)
Total execution time: 7763 (micro sec)
Total execution time: 8044 (micro sec)
Total execution time: 7551 (micro sec)
Total execution time: 5492 (micro sec)
Total execution time: 5852 (micro sec)
Total execution time: 6690 (micro sec)
Total execution time: 7201 (micro sec)
Total execution time: 7103 (micro sec)
Done /home/strange/c-code-katas/Recursion/binary_search.c
Total execution time: 18472 (micro sec)
Total execution time: 22065 (micro sec)
Total execution time: 22129 (micro sec)
Total execution time: 21884 (micro sec)
Total execution time: 21792 (micro sec)
Total execution time: 5523 (micro sec)
Total execution time: 7025 (micro sec)
Total execution time: 8348 (micro sec)
Total execution time: 7903 (micro sec)
Total execution time: 7838 (micro sec)
Done /home/strange/c-code-katas/Recursion/factorial.c
Total execution time: 5621 (micro sec)
Total execution time: 6250 (micro sec)
Total execution time: 7245 (micro sec)
Total execution time: 7443 (micro sec)
Total execution time: 8230 (micro sec)
Total execution time: 5053 (micro sec)
Total execution time: 6348 (micro sec)
Total execution time: 7642 (micro sec)
Total execution time: 7965 (micro sec)
Total execution time: 7430 (micro sec)
Done /home/strange/c-code-katas/Recursion/linear_search.c
Total execution time: 461208 (micro sec)
Total execution time: 468820 (micro sec)
Total execution time: 466727 (micro sec)
Total execution time: 464447 (micro sec)
Total execution time: 460247 (micro sec)
Total execution time: 5798 (micro sec)
Total execution time: 6751 (micro sec)
Total execution time: 7573 (micro sec)
Total execution time: 7841 (micro sec)
Total execution time: 7372 (micro sec)
Done /home/strange/c-code-katas/Recursion/sum_of_digits.c
Total execution time: 126551 (micro sec)
Total execution time: 106491 (micro sec)
Total execution time: 95990 (micro sec)
Total execution time: 112538 (micro sec)
Total execution time: 108559 (micro sec)
Total execution time: 18257 (micro sec)
Total execution time: 19292 (micro sec)
Total execution time: 19440 (micro sec)
Total execution time: 19486 (micro sec)
Total execution time: 20173 (micro sec)
Done /home/strange/c-code-katas/Recursion/char_replace.c
Total execution time: 4802297 (micro sec)
Total execution time: 4806052 (micro sec)
Total execution time: 4797636 (micro sec)
Total execution time: 4803919 (micro sec)
Total execution time: 4802015 (micro sec)
Total execution time: 566157 (micro sec)
Total execution time: 566253 (micro sec)
Total execution time: 567341 (micro sec)
Total execution time: 567910 (micro sec)
Total execution time: 565767 (micro sec)
Done /home/strange/c-code-katas/Recursion/nth_fibonacci_number.c
